2025-10-29 00:52:45 [main] INFO  c.example.ssoauth.SsoauthApplication - Starting SsoauthApplication using Java 17.0.16 with PID 15608 (D:\SSO project\ssoauth\target\classes started by miniOrange in D:\SSO project\ssoauth)
2025-10-29 00:52:45 [main] DEBUG c.example.ssoauth.SsoauthApplication - Running with Spring Boot v3.1.5, Spring v6.0.13
2025-10-29 00:52:45 [main] INFO  c.example.ssoauth.SsoauthApplication - No active profile set, falling back to 1 default profile: "default"
2025-10-29 00:52:46 [main] INFO  o.s.d.r.c.RepositoryConfigurationDelegate - Bootstrapping Spring Data JPA repositories in DEFAULT mode.
2025-10-29 00:52:46 [main] INFO  o.s.d.r.c.RepositoryConfigurationDelegate - Finished Spring Data repository scanning in 51 ms. Found 1 JPA repository interfaces.
2025-10-29 00:52:47 [main] INFO  o.s.b.w.e.tomcat.TomcatWebServer - Tomcat initialized with port(s): 8080 (http)
2025-10-29 00:52:47 [main] INFO  o.a.catalina.core.StandardService - Starting service [Tomcat]
2025-10-29 00:52:47 [main] INFO  o.a.catalina.core.StandardEngine - Starting Servlet engine: [Apache Tomcat/10.1.15]
2025-10-29 00:52:47 [main] INFO  o.a.c.c.C.[Tomcat].[localhost].[/] - Initializing Spring embedded WebApplicationContext
2025-10-29 00:52:47 [main] INFO  o.s.b.w.s.c.ServletWebServerApplicationContext - Root WebApplicationContext: initialization completed in 1947 ms
2025-10-29 00:52:48 [main] INFO  o.h.jpa.internal.util.LogHelper - HHH000204: Processing PersistenceUnitInfo [name: default]
2025-10-29 00:52:48 [main] INFO  org.hibernate.Version - HHH000412: Hibernate ORM core version 6.2.13.Final
2025-10-29 00:52:48 [main] INFO  org.hibernate.cfg.Environment - HHH000406: Using bytecode reflection optimizer
2025-10-29 00:52:48 [main] INFO  o.s.o.j.p.SpringPersistenceUnitInfo - No LoadTimeWeaver setup: ignoring JPA class transformer
2025-10-29 00:52:48 [main] INFO  com.zaxxer.hikari.HikariDataSource - HikariPool-1 - Starting...
2025-10-29 00:52:48 [main] INFO  com.zaxxer.hikari.pool.HikariPool - HikariPool-1 - Added connection org.postgresql.jdbc.PgConnection@45b7c97f
2025-10-29 00:52:48 [main] INFO  com.zaxxer.hikari.HikariDataSource - HikariPool-1 - Start completed.
2025-10-29 00:52:48 [main] WARN  org.hibernate.orm.deprecation - HHH90000025: PostgreSQLDialect does not need to be specified explicitly using 'hibernate.dialect' (remove the property setting and it will be selected by default)
2025-10-29 00:52:49 [main] INFO  o.h.e.t.j.p.i.JtaPlatformInitiator - HHH000489: No JTA platform available (set 'hibernate.transaction.jta.platform' to enable JTA platform integration)
2025-10-29 00:52:49 [main] DEBUG org.hibernate.SQL - 
    alter table if exists users 
       drop constraint if exists UK6dotkott2kjsp8vw4d0m25fb7
2025-10-29 00:52:49 [main] WARN  o.h.e.jdbc.spi.SqlExceptionHelper - SQL Warning Code: 0, SQLState: 00000
2025-10-29 00:52:49 [main] WARN  o.h.e.jdbc.spi.SqlExceptionHelper - constraint "uk6dotkott2kjsp8vw4d0m25fb7" of relation "users" does not exist, skipping
2025-10-29 00:52:49 [main] DEBUG org.hibernate.SQL - 
    alter table if exists users 
       add constraint UK6dotkott2kjsp8vw4d0m25fb7 unique (email)
2025-10-29 00:52:49 [main] DEBUG org.hibernate.SQL - 
    alter table if exists users 
       drop constraint if exists UKr43af9ap4edm43mmtq01oddj6
2025-10-29 00:52:49 [main] WARN  o.h.e.jdbc.spi.SqlExceptionHelper - SQL Warning Code: 0, SQLState: 00000
2025-10-29 00:52:49 [main] WARN  o.h.e.jdbc.spi.SqlExceptionHelper - constraint "ukr43af9ap4edm43mmtq01oddj6" of relation "users" does not exist, skipping
2025-10-29 00:52:49 [main] DEBUG org.hibernate.SQL - 
    alter table if exists users 
       add constraint UKr43af9ap4edm43mmtq01oddj6 unique (username)
2025-10-29 00:52:49 [main] INFO  o.s.o.j.LocalContainerEntityManagerFactoryBean - Initialized JPA EntityManagerFactory for persistence unit 'default'
2025-10-29 00:52:49 [main] INFO  o.s.d.j.r.query.QueryEnhancerFactory - Hibernate is in classpath; If applicable, HQL parser will be used.
2025-10-29 00:52:50 [main] DEBUG c.e.s.s.JwtAuthenticationFilter - Filter 'jwtAuthenticationFilter' configured for use
2025-10-29 00:52:50 [main] WARN  o.s.b.a.o.j.JpaBaseConfiguration$JpaWebConfiguration - spring.jpa.open-in-view is enabled by default. Therefore, database queries may be performed during view rendering. Explicitly configure spring.jpa.open-in-view to disable this warning
2025-10-29 00:52:50 [main] DEBUG o.s.w.s.m.m.a.RequestMappingHandlerMapping - 11 mappings in 'requestMappingHandlerMapping'
2025-10-29 00:52:50 [main] DEBUG o.s.w.s.h.SimpleUrlHandlerMapping - Patterns [/webjars/**, /**] in 'resourceHandlerMapping'
2025-10-29 00:52:50 [main] INFO  o.s.s.web.DefaultSecurityFilterChain - Will secure any request with [org.springframework.security.web.session.DisableEncodeUrlFilter@73b034ca, org.springframework.security.web.context.request.async.WebAsyncManagerIntegrationFilter@104e6540, org.springframework.security.web.context.SecurityContextHolderFilter@6f0df74, org.springframework.security.web.header.HeaderWriterFilter@77737e3e, org.springframework.web.filter.CorsFilter@3f9ee527, org.springframework.security.web.authentication.logout.LogoutFilter@5dd5422f, com.example.ssoauth.security.JwtAuthenticationFilter@434a2a10, org.springframework.security.web.savedrequest.RequestCacheAwareFilter@57f1fbae, org.springframework.security.web.servletapi.SecurityContextHolderAwareRequestFilter@289b7efe, org.springframework.security.web.authentication.AnonymousAuthenticationFilter@2a41d17a, org.springframework.security.web.session.SessionManagementFilter@159a32a4, org.springframework.security.web.access.ExceptionTranslationFilter@197da701, org.springframework.security.web.access.intercept.AuthorizationFilter@2688b2be]
2025-10-29 00:52:50 [main] DEBUG o.s.w.s.m.m.a.RequestMappingHandlerAdapter - ControllerAdvice beans: 0 @ModelAttribute, 0 @InitBinder, 1 RequestBodyAdvice, 1 ResponseBodyAdvice
2025-10-29 00:52:50 [main] DEBUG o.s.w.s.m.m.a.ExceptionHandlerExceptionResolver - ControllerAdvice beans: 1 @ExceptionHandler, 1 ResponseBodyAdvice
2025-10-29 00:52:50 [main] INFO  o.s.b.w.e.tomcat.TomcatWebServer - Tomcat started on port(s): 8080 (http) with context path ''
2025-10-29 00:52:50 [main] INFO  c.example.ssoauth.SsoauthApplication - Started SsoauthApplication in 5.568 seconds (process running for 5.994)
2025-10-29 00:53:05 [http-nio-8080-exec-2] INFO  o.a.c.c.C.[Tomcat].[localhost].[/] - Initializing Spring DispatcherServlet 'dispatcherServlet'
2025-10-29 00:53:05 [http-nio-8080-exec-2] INFO  o.s.web.servlet.DispatcherServlet - Initializing Servlet 'dispatcherServlet'
2025-10-29 00:53:05 [http-nio-8080-exec-2] DEBUG o.s.web.servlet.DispatcherServlet - Detected StandardServletMultipartResolver
2025-10-29 00:53:05 [http-nio-8080-exec-2] DEBUG o.s.web.servlet.DispatcherServlet - Detected AcceptHeaderLocaleResolver
2025-10-29 00:53:05 [http-nio-8080-exec-2] DEBUG o.s.web.servlet.DispatcherServlet - Detected FixedThemeResolver
2025-10-29 00:53:05 [http-nio-8080-exec-2] DEBUG o.s.web.servlet.DispatcherServlet - Detected org.springframework.web.servlet.view.DefaultRequestToViewNameTranslator@5220e6ff
2025-10-29 00:53:05 [http-nio-8080-exec-2] DEBUG o.s.web.servlet.DispatcherServlet - Detected org.springframework.web.servlet.support.SessionFlashMapManager@18918ab9
2025-10-29 00:53:05 [http-nio-8080-exec-2] DEBUG o.s.web.servlet.DispatcherServlet - enableLoggingRequestDetails='false': request parameters and headers will be masked to prevent unsafe logging of potentially sensitive data
2025-10-29 00:53:05 [http-nio-8080-exec-2] INFO  o.s.web.servlet.DispatcherServlet - Completed initialization in 0 ms
2025-10-29 00:53:05 [http-nio-8080-exec-2] DEBUG o.s.security.web.FilterChainProxy - Securing GET /
2025-10-29 00:53:05 [http-nio-8080-exec-2] DEBUG o.s.s.w.a.AnonymousAuthenticationFilter - Set SecurityContextHolder to anonymous SecurityContext
2025-10-29 00:53:05 [http-nio-8080-exec-2] DEBUG o.s.w.s.m.m.a.RequestMappingHandlerMapping - Mapped to com.example.ssoauth.controller.WebController#home()
2025-10-29 00:53:05 [http-nio-8080-exec-2] DEBUG o.s.security.web.FilterChainProxy - Secured GET /
2025-10-29 00:53:05 [http-nio-8080-exec-2] DEBUG o.s.web.servlet.DispatcherServlet - GET "/", parameters={}
2025-10-29 00:53:05 [http-nio-8080-exec-2] DEBUG o.s.w.s.m.m.a.RequestMappingHandlerMapping - Mapped to com.example.ssoauth.controller.WebController#home()
2025-10-29 00:53:05 [http-nio-8080-exec-2] DEBUG o.s.web.servlet.view.RedirectView - View name 'redirect:', model {}
2025-10-29 00:53:05 [http-nio-8080-exec-2] DEBUG o.s.web.servlet.DispatcherServlet - Completed 302 FOUND
2025-10-29 00:53:05 [http-nio-8080-exec-1] DEBUG o.s.security.web.FilterChainProxy - Securing GET /login
2025-10-29 00:53:05 [http-nio-8080-exec-1] DEBUG o.s.s.w.a.AnonymousAuthenticationFilter - Set SecurityContextHolder to anonymous SecurityContext
2025-10-29 00:53:05 [http-nio-8080-exec-1] DEBUG o.s.w.s.m.m.a.RequestMappingHandlerMapping - Mapped to com.example.ssoauth.controller.WebController#loginPage()
2025-10-29 00:53:05 [http-nio-8080-exec-1] DEBUG o.s.w.s.m.m.a.RequestMappingHandlerMapping - Mapped to com.example.ssoauth.controller.WebController#loginPage()
2025-10-29 00:53:05 [http-nio-8080-exec-1] DEBUG o.s.w.s.m.m.a.RequestMappingHandlerMapping - Mapped to com.example.ssoauth.controller.WebController#loginPage()
2025-10-29 00:53:05 [http-nio-8080-exec-1] DEBUG o.s.security.web.FilterChainProxy - Secured GET /login
2025-10-29 00:53:05 [http-nio-8080-exec-1] DEBUG o.s.web.servlet.DispatcherServlet - GET "/login", parameters={}
2025-10-29 00:53:05 [http-nio-8080-exec-1] DEBUG o.s.w.s.m.m.a.RequestMappingHandlerMapping - Mapped to com.example.ssoauth.controller.WebController#loginPage()
2025-10-29 00:53:05 [http-nio-8080-exec-1] DEBUG o.s.w.s.v.ContentNegotiatingViewResolver - Selected 'text/html' given [text/html, application/xhtml+xml, image/avif, image/webp, image/apng, application/xml;q=0.9, */*;q=0.8, application/signed-exchange;v=b3;q=0.7]
2025-10-29 00:53:05 [http-nio-8080-exec-1] DEBUG o.s.web.servlet.DispatcherServlet - Completed 200 OK
2025-10-29 00:53:11 [http-nio-8080-exec-3] DEBUG o.s.security.web.FilterChainProxy - Securing GET /signup
2025-10-29 00:53:11 [http-nio-8080-exec-3] DEBUG o.s.s.w.a.AnonymousAuthenticationFilter - Set SecurityContextHolder to anonymous SecurityContext
2025-10-29 00:53:11 [http-nio-8080-exec-3] DEBUG o.s.w.s.m.m.a.RequestMappingHandlerMapping - Mapped to com.example.ssoauth.controller.WebController#signupPage()
2025-10-29 00:53:11 [http-nio-8080-exec-3] DEBUG o.s.w.s.m.m.a.RequestMappingHandlerMapping - Mapped to com.example.ssoauth.controller.WebController#signupPage()
2025-10-29 00:53:11 [http-nio-8080-exec-3] DEBUG o.s.w.s.m.m.a.RequestMappingHandlerMapping - Mapped to com.example.ssoauth.controller.WebController#signupPage()
2025-10-29 00:53:11 [http-nio-8080-exec-3] DEBUG o.s.w.s.m.m.a.RequestMappingHandlerMapping - Mapped to com.example.ssoauth.controller.WebController#signupPage()
2025-10-29 00:53:11 [http-nio-8080-exec-3] DEBUG o.s.security.web.FilterChainProxy - Secured GET /signup
2025-10-29 00:53:11 [http-nio-8080-exec-3] DEBUG o.s.web.servlet.DispatcherServlet - GET "/signup", parameters={}
2025-10-29 00:53:11 [http-nio-8080-exec-3] DEBUG o.s.w.s.m.m.a.RequestMappingHandlerMapping - Mapped to com.example.ssoauth.controller.WebController#signupPage()
2025-10-29 00:53:11 [http-nio-8080-exec-3] DEBUG o.s.w.s.v.ContentNegotiatingViewResolver - Selected 'text/html' given [text/html, application/xhtml+xml, image/avif, image/webp, image/apng, application/xml;q=0.9, */*;q=0.8, application/signed-exchange;v=b3;q=0.7]
2025-10-29 00:53:11 [http-nio-8080-exec-3] DEBUG o.s.web.servlet.DispatcherServlet - Completed 200 OK
2025-10-29 00:53:42 [http-nio-8080-exec-4] DEBUG o.s.security.web.FilterChainProxy - Securing POST /api/auth/signup
2025-10-29 00:53:42 [http-nio-8080-exec-4] DEBUG o.s.s.w.a.AnonymousAuthenticationFilter - Set SecurityContextHolder to anonymous SecurityContext
2025-10-29 00:53:42 [http-nio-8080-exec-4] DEBUG o.s.w.s.m.m.a.RequestMappingHandlerMapping - Mapped to com.example.ssoauth.controller.AuthController#signUp(SignUpRequest)
2025-10-29 00:53:42 [http-nio-8080-exec-4] DEBUG o.s.w.s.m.m.a.RequestMappingHandlerMapping - Mapped to com.example.ssoauth.controller.AuthController#signUp(SignUpRequest)
2025-10-29 00:53:42 [http-nio-8080-exec-4] DEBUG o.s.security.web.FilterChainProxy - Secured POST /api/auth/signup
2025-10-29 00:53:42 [http-nio-8080-exec-4] DEBUG o.s.web.servlet.DispatcherServlet - POST "/api/auth/signup", parameters={}
2025-10-29 00:53:42 [http-nio-8080-exec-4] DEBUG o.s.w.s.m.m.a.RequestMappingHandlerMapping - Mapped to com.example.ssoauth.controller.AuthController#signUp(SignUpRequest)
2025-10-29 00:53:42 [http-nio-8080-exec-4] DEBUG o.s.w.s.m.m.a.RequestResponseBodyMethodProcessor - Read "application/json;charset=UTF-8" to [SignUpRequest(username=testingssouser, email=user1@gmail.com, password=user@123, firstName=testing,  (truncated)...]
2025-10-29 00:53:42 [http-nio-8080-exec-4] INFO  c.e.s.controller.AuthController - Sign up request received for user: testingssouser
2025-10-29 00:53:42 [http-nio-8080-exec-4] DEBUG org.hibernate.SQL - 
    select
        u1_0.id 
    from
        users u1_0 
    where
        u1_0.username=? 
    fetch
        first ? rows only
2025-10-29 00:53:42 [http-nio-8080-exec-4] DEBUG org.hibernate.SQL - 
    select
        u1_0.id 
    from
        users u1_0 
    where
        u1_0.email=? 
    fetch
        first ? rows only
2025-10-29 00:53:42 [http-nio-8080-exec-4] DEBUG org.hibernate.SQL - 
    insert 
    into
        users
        (account_non_expired,account_non_locked,auth_provider,created_at,credentials_non_expired,email,enabled,first_name,last_login,last_name,password,provider_id,updated_at,username) 
    values
        (?,?,?,?,?,?,?,?,?,?,?,?,?,?)
2025-10-29 00:53:42 [http-nio-8080-exec-4] DEBUG org.hibernate.SQL - 
    select
        u1_0.id,
        u1_0.account_non_expired,
        u1_0.account_non_locked,
        u1_0.auth_provider,
        u1_0.created_at,
        u1_0.credentials_non_expired,
        u1_0.email,
        u1_0.enabled,
        u1_0.first_name,
        u1_0.last_login,
        u1_0.last_name,
        u1_0.password,
        u1_0.provider_id,
        u1_0.updated_at,
        u1_0.username 
    from
        users u1_0 
    where
        u1_0.username=? 
        or u1_0.email=?
2025-10-29 00:53:43 [http-nio-8080-exec-4] DEBUG o.s.s.a.d.DaoAuthenticationProvider - Authenticated user
2025-10-29 00:53:43 [http-nio-8080-exec-4] DEBUG o.s.w.s.m.m.a.HttpEntityMethodProcessor - Using 'application/json', given [*/*] and supported [application/json, application/*+json]
2025-10-29 00:53:43 [http-nio-8080-exec-4] DEBUG o.s.w.s.m.m.a.HttpEntityMethodProcessor - Writing [JwtAuthResponse(accessToken=eyJhbGciOiJIUzI1NiJ9.eyJzdWIiOiJ0ZXN0aW5nc3NvdXNlciIsImlhdCI6MTc2MTY3OTQ (truncated)...]
2025-10-29 00:53:43 [http-nio-8080-exec-4] DEBUG o.s.web.servlet.DispatcherServlet - Completed 201 CREATED
2025-10-29 00:53:44 [http-nio-8080-exec-5] DEBUG o.s.security.web.FilterChainProxy - Securing GET /dashboard
2025-10-29 00:53:44 [http-nio-8080-exec-5] DEBUG o.s.s.w.a.AnonymousAuthenticationFilter - Set SecurityContextHolder to anonymous SecurityContext
2025-10-29 00:53:44 [http-nio-8080-exec-5] DEBUG o.s.w.s.m.m.a.RequestMappingHandlerMapping - Mapped to com.example.ssoauth.controller.WebController#dashboard(Model)
2025-10-29 00:53:44 [http-nio-8080-exec-5] DEBUG o.s.w.s.m.m.a.RequestMappingHandlerMapping - Mapped to com.example.ssoauth.controller.WebController#dashboard(Model)
2025-10-29 00:53:44 [http-nio-8080-exec-5] DEBUG o.s.w.s.m.m.a.RequestMappingHandlerMapping - Mapped to com.example.ssoauth.controller.WebController#dashboard(Model)
2025-10-29 00:53:44 [http-nio-8080-exec-5] DEBUG o.s.w.s.m.m.a.RequestMappingHandlerMapping - Mapped to com.example.ssoauth.controller.WebController#dashboard(Model)
2025-10-29 00:53:44 [http-nio-8080-exec-5] DEBUG o.s.w.s.m.m.a.RequestMappingHandlerMapping - Mapped to com.example.ssoauth.controller.WebController#dashboard(Model)
2025-10-29 00:53:44 [http-nio-8080-exec-5] DEBUG o.s.w.s.m.m.a.RequestMappingHandlerMapping - Mapped to com.example.ssoauth.controller.WebController#dashboard(Model)
2025-10-29 00:53:44 [http-nio-8080-exec-5] DEBUG o.s.w.s.m.m.a.RequestMappingHandlerMapping - Mapped to com.example.ssoauth.controller.WebController#dashboard(Model)
2025-10-29 00:53:44 [http-nio-8080-exec-5] DEBUG o.s.w.s.m.m.a.RequestMappingHandlerMapping - Mapped to com.example.ssoauth.controller.WebController#dashboard(Model)
2025-10-29 00:53:44 [http-nio-8080-exec-5] ERROR c.e.s.s.JwtAuthenticationEntryPoint - Unauthorized error: Full authentication is required to access this resource
2025-10-29 00:53:55 [http-nio-8080-exec-6] DEBUG o.s.security.web.FilterChainProxy - Securing GET /signup
2025-10-29 00:53:55 [http-nio-8080-exec-6] DEBUG o.s.s.w.a.AnonymousAuthenticationFilter - Set SecurityContextHolder to anonymous SecurityContext
2025-10-29 00:53:55 [http-nio-8080-exec-6] DEBUG o.s.w.s.m.m.a.RequestMappingHandlerMapping - Mapped to com.example.ssoauth.controller.WebController#signupPage()
2025-10-29 00:53:55 [http-nio-8080-exec-6] DEBUG o.s.w.s.m.m.a.RequestMappingHandlerMapping - Mapped to com.example.ssoauth.controller.WebController#signupPage()
2025-10-29 00:53:55 [http-nio-8080-exec-6] DEBUG o.s.w.s.m.m.a.RequestMappingHandlerMapping - Mapped to com.example.ssoauth.controller.WebController#signupPage()
2025-10-29 00:53:55 [http-nio-8080-exec-6] DEBUG o.s.w.s.m.m.a.RequestMappingHandlerMapping - Mapped to com.example.ssoauth.controller.WebController#signupPage()
2025-10-29 00:53:55 [http-nio-8080-exec-6] DEBUG o.s.security.web.FilterChainProxy - Secured GET /signup
2025-10-29 00:53:55 [http-nio-8080-exec-6] DEBUG o.s.web.servlet.DispatcherServlet - GET "/signup", parameters={}
2025-10-29 00:53:55 [http-nio-8080-exec-6] DEBUG o.s.w.s.m.m.a.RequestMappingHandlerMapping - Mapped to com.example.ssoauth.controller.WebController#signupPage()
2025-10-29 00:53:55 [http-nio-8080-exec-6] DEBUG o.s.w.s.v.ContentNegotiatingViewResolver - Selected 'text/html' given [text/html, application/xhtml+xml, image/avif, image/webp, image/apng, application/xml;q=0.9, */*;q=0.8, application/signed-exchange;v=b3;q=0.7]
2025-10-29 00:53:55 [http-nio-8080-exec-6] DEBUG o.s.web.servlet.DispatcherServlet - Completed 200 OK
2025-10-29 00:54:09 [http-nio-8080-exec-7] DEBUG o.s.security.web.FilterChainProxy - Securing POST /api/auth/signin
2025-10-29 00:54:09 [http-nio-8080-exec-7] DEBUG o.s.s.w.a.AnonymousAuthenticationFilter - Set SecurityContextHolder to anonymous SecurityContext
2025-10-29 00:54:09 [http-nio-8080-exec-7] DEBUG o.s.w.s.m.m.a.RequestMappingHandlerMapping - Mapped to com.example.ssoauth.controller.AuthController#signIn(SignInRequest)
2025-10-29 00:54:09 [http-nio-8080-exec-7] DEBUG o.s.w.s.m.m.a.RequestMappingHandlerMapping - Mapped to com.example.ssoauth.controller.AuthController#signIn(SignInRequest)
2025-10-29 00:54:09 [http-nio-8080-exec-7] DEBUG o.s.security.web.FilterChainProxy - Secured POST /api/auth/signin
2025-10-29 00:54:09 [http-nio-8080-exec-7] DEBUG o.s.web.servlet.DispatcherServlet - POST "/api/auth/signin", parameters={}
2025-10-29 00:54:09 [http-nio-8080-exec-7] DEBUG o.s.w.s.m.m.a.RequestMappingHandlerMapping - Mapped to com.example.ssoauth.controller.AuthController#signIn(SignInRequest)
2025-10-29 00:54:09 [http-nio-8080-exec-7] DEBUG o.s.w.s.m.m.a.RequestResponseBodyMethodProcessor - Read "application/json;charset=UTF-8" to [SignInRequest(usernameOrEmail=testingssouser1, password=user@123)]
2025-10-29 00:54:09 [http-nio-8080-exec-7] INFO  c.e.s.controller.AuthController - Sign in request received for user: testingssouser1
2025-10-29 00:54:09 [http-nio-8080-exec-7] DEBUG org.hibernate.SQL - 
    select
        u1_0.id,
        u1_0.account_non_expired,
        u1_0.account_non_locked,
        u1_0.auth_provider,
        u1_0.created_at,
        u1_0.credentials_non_expired,
        u1_0.email,
        u1_0.enabled,
        u1_0.first_name,
        u1_0.last_login,
        u1_0.last_name,
        u1_0.password,
        u1_0.provider_id,
        u1_0.updated_at,
        u1_0.username 
    from
        users u1_0 
    where
        u1_0.username=? 
        or u1_0.email=?
2025-10-29 00:54:09 [http-nio-8080-exec-7] DEBUG o.s.s.a.d.DaoAuthenticationProvider - Failed to find user 'testingssouser1'
2025-10-29 00:54:09 [http-nio-8080-exec-7] DEBUG o.s.w.s.m.m.a.ExceptionHandlerExceptionResolver - Using @ExceptionHandler com.example.ssoauth.exception.GlobalExceptionHandler#handleBadCredentialsException(BadCredentialsException, WebRequest)
2025-10-29 00:54:09 [http-nio-8080-exec-7] DEBUG o.s.w.s.m.m.a.HttpEntityMethodProcessor - Using 'application/json', given [*/*] and supported [application/json, application/*+json]
2025-10-29 00:54:09 [http-nio-8080-exec-7] DEBUG o.s.w.s.m.m.a.HttpEntityMethodProcessor - Writing [ErrorResponse(timestamp=2025-10-29T00:54:09.518719200, status=401, error=Unauthorized, message=Inval (truncated)...]
2025-10-29 00:54:09 [http-nio-8080-exec-7] DEBUG o.s.w.s.m.m.a.ExceptionHandlerExceptionResolver - Resolved [org.springframework.security.authentication.BadCredentialsException: Bad credentials]
2025-10-29 00:54:09 [http-nio-8080-exec-7] DEBUG o.s.web.servlet.DispatcherServlet - Completed 401 UNAUTHORIZED
2025-10-29 00:54:11 [http-nio-8080-exec-8] DEBUG o.s.security.web.FilterChainProxy - Securing POST /api/auth/signin
2025-10-29 00:54:11 [http-nio-8080-exec-8] DEBUG o.s.s.w.a.AnonymousAuthenticationFilter - Set SecurityContextHolder to anonymous SecurityContext
2025-10-29 00:54:11 [http-nio-8080-exec-8] DEBUG o.s.w.s.m.m.a.RequestMappingHandlerMapping - Mapped to com.example.ssoauth.controller.AuthController#signIn(SignInRequest)
2025-10-29 00:54:11 [http-nio-8080-exec-8] DEBUG o.s.w.s.m.m.a.RequestMappingHandlerMapping - Mapped to com.example.ssoauth.controller.AuthController#signIn(SignInRequest)
2025-10-29 00:54:11 [http-nio-8080-exec-8] DEBUG o.s.security.web.FilterChainProxy - Secured POST /api/auth/signin
2025-10-29 00:54:11 [http-nio-8080-exec-8] DEBUG o.s.web.servlet.DispatcherServlet - POST "/api/auth/signin", parameters={}
2025-10-29 00:54:11 [http-nio-8080-exec-8] DEBUG o.s.w.s.m.m.a.RequestMappingHandlerMapping - Mapped to com.example.ssoauth.controller.AuthController#signIn(SignInRequest)
2025-10-29 00:54:11 [http-nio-8080-exec-8] DEBUG o.s.w.s.m.m.a.RequestResponseBodyMethodProcessor - Read "application/json;charset=UTF-8" to [SignInRequest(usernameOrEmail=testingssouser, password=user@123)]
2025-10-29 00:54:11 [http-nio-8080-exec-8] INFO  c.e.s.controller.AuthController - Sign in request received for user: testingssouser
2025-10-29 00:54:11 [http-nio-8080-exec-8] DEBUG org.hibernate.SQL - 
    select
        u1_0.id,
        u1_0.account_non_expired,
        u1_0.account_non_locked,
        u1_0.auth_provider,
        u1_0.created_at,
        u1_0.credentials_non_expired,
        u1_0.email,
        u1_0.enabled,
        u1_0.first_name,
        u1_0.last_login,
        u1_0.last_name,
        u1_0.password,
        u1_0.provider_id,
        u1_0.updated_at,
        u1_0.username 
    from
        users u1_0 
    where
        u1_0.username=? 
        or u1_0.email=?
2025-10-29 00:54:11 [http-nio-8080-exec-8] DEBUG o.s.s.a.d.DaoAuthenticationProvider - Authenticated user
2025-10-29 00:54:11 [http-nio-8080-exec-8] DEBUG org.hibernate.SQL - 
    select
        u1_0.id,
        u1_0.account_non_expired,
        u1_0.account_non_locked,
        u1_0.auth_provider,
        u1_0.created_at,
        u1_0.credentials_non_expired,
        u1_0.email,
        u1_0.enabled,
        u1_0.first_name,
        u1_0.last_login,
        u1_0.last_name,
        u1_0.password,
        u1_0.provider_id,
        u1_0.updated_at,
        u1_0.username 
    from
        users u1_0 
    where
        u1_0.username=? 
        or u1_0.email=?
2025-10-29 00:54:11 [http-nio-8080-exec-8] DEBUG org.hibernate.SQL - 
    update
        users 
    set
        last_login=? 
    where
        id=?
2025-10-29 00:54:11 [http-nio-8080-exec-8] DEBUG o.s.w.s.m.m.a.HttpEntityMethodProcessor - Using 'application/json', given [*/*] and supported [application/json, application/*+json]
2025-10-29 00:54:11 [http-nio-8080-exec-8] DEBUG o.s.w.s.m.m.a.HttpEntityMethodProcessor - Writing [JwtAuthResponse(accessToken=eyJhbGciOiJIUzI1NiJ9.eyJzdWIiOiJ0ZXN0aW5nc3NvdXNlciIsImlhdCI6MTc2MTY3OTQ (truncated)...]
2025-10-29 00:54:11 [http-nio-8080-exec-8] DEBUG o.s.web.servlet.DispatcherServlet - Completed 200 OK
2025-10-29 00:54:12 [http-nio-8080-exec-9] DEBUG o.s.security.web.FilterChainProxy - Securing GET /dashboard
2025-10-29 00:54:12 [http-nio-8080-exec-9] DEBUG o.s.s.w.a.AnonymousAuthenticationFilter - Set SecurityContextHolder to anonymous SecurityContext
2025-10-29 00:54:12 [http-nio-8080-exec-9] DEBUG o.s.w.s.m.m.a.RequestMappingHandlerMapping - Mapped to com.example.ssoauth.controller.WebController#dashboard(Model)
2025-10-29 00:54:12 [http-nio-8080-exec-9] DEBUG o.s.w.s.m.m.a.RequestMappingHandlerMapping - Mapped to com.example.ssoauth.controller.WebController#dashboard(Model)
2025-10-29 00:54:12 [http-nio-8080-exec-9] DEBUG o.s.w.s.m.m.a.RequestMappingHandlerMapping - Mapped to com.example.ssoauth.controller.WebController#dashboard(Model)
2025-10-29 00:54:12 [http-nio-8080-exec-9] DEBUG o.s.w.s.m.m.a.RequestMappingHandlerMapping - Mapped to com.example.ssoauth.controller.WebController#dashboard(Model)
2025-10-29 00:54:12 [http-nio-8080-exec-9] DEBUG o.s.w.s.m.m.a.RequestMappingHandlerMapping - Mapped to com.example.ssoauth.controller.WebController#dashboard(Model)
2025-10-29 00:54:12 [http-nio-8080-exec-9] DEBUG o.s.w.s.m.m.a.RequestMappingHandlerMapping - Mapped to com.example.ssoauth.controller.WebController#dashboard(Model)
2025-10-29 00:54:12 [http-nio-8080-exec-9] DEBUG o.s.w.s.m.m.a.RequestMappingHandlerMapping - Mapped to com.example.ssoauth.controller.WebController#dashboard(Model)
2025-10-29 00:54:12 [http-nio-8080-exec-9] DEBUG o.s.w.s.m.m.a.RequestMappingHandlerMapping - Mapped to com.example.ssoauth.controller.WebController#dashboard(Model)
2025-10-29 00:54:12 [http-nio-8080-exec-9] ERROR c.e.s.s.JwtAuthenticationEntryPoint - Unauthorized error: Full authentication is required to access this resource
2025-10-29 00:54:18 [http-nio-8080-exec-10] DEBUG o.s.security.web.FilterChainProxy - Securing GET /login
2025-10-29 00:54:18 [http-nio-8080-exec-10] DEBUG o.s.s.w.a.AnonymousAuthenticationFilter - Set SecurityContextHolder to anonymous SecurityContext
2025-10-29 00:54:18 [http-nio-8080-exec-10] DEBUG o.s.w.s.m.m.a.RequestMappingHandlerMapping - Mapped to com.example.ssoauth.controller.WebController#loginPage()
2025-10-29 00:54:18 [http-nio-8080-exec-10] DEBUG o.s.w.s.m.m.a.RequestMappingHandlerMapping - Mapped to com.example.ssoauth.controller.WebController#loginPage()
2025-10-29 00:54:18 [http-nio-8080-exec-10] DEBUG o.s.w.s.m.m.a.RequestMappingHandlerMapping - Mapped to com.example.ssoauth.controller.WebController#loginPage()
2025-10-29 00:54:18 [http-nio-8080-exec-10] DEBUG o.s.security.web.FilterChainProxy - Secured GET /login
2025-10-29 00:54:18 [http-nio-8080-exec-10] DEBUG o.s.web.servlet.DispatcherServlet - GET "/login", parameters={}
2025-10-29 00:54:18 [http-nio-8080-exec-10] DEBUG o.s.w.s.m.m.a.RequestMappingHandlerMapping - Mapped to com.example.ssoauth.controller.WebController#loginPage()
2025-10-29 00:54:18 [http-nio-8080-exec-10] DEBUG o.s.w.s.v.ContentNegotiatingViewResolver - Selected 'text/html' given [text/html, application/xhtml+xml, image/avif, image/webp, image/apng, application/xml;q=0.9, */*;q=0.8, application/signed-exchange;v=b3;q=0.7]
2025-10-29 00:54:18 [http-nio-8080-exec-10] DEBUG o.s.web.servlet.DispatcherServlet - Completed 200 OK
2025-10-29 00:55:20 [SpringApplicationShutdownHook] INFO  o.s.o.j.LocalContainerEntityManagerFactoryBean - Closing JPA EntityManagerFactory for persistence unit 'default'
2025-10-29 00:55:20 [SpringApplicationShutdownHook] INFO  com.zaxxer.hikari.HikariDataSource - HikariPool-1 - Shutdown initiated...
2025-10-29 00:55:20 [SpringApplicationShutdownHook] INFO  com.zaxxer.hikari.HikariDataSource - HikariPool-1 - Shutdown completed.
2025-10-29 00:56:29 [main] INFO  c.example.ssoauth.SsoauthApplication - Starting SsoauthApplication using Java 17.0.16 with PID 14528 (D:\SSO project\ssoauth\target\classes started by miniOrange in D:\SSO project\ssoauth)
2025-10-29 00:56:29 [main] DEBUG c.example.ssoauth.SsoauthApplication - Running with Spring Boot v3.1.5, Spring v6.0.13
2025-10-29 00:56:29 [main] INFO  c.example.ssoauth.SsoauthApplication - No active profile set, falling back to 1 default profile: "default"
2025-10-29 00:56:30 [main] INFO  o.s.d.r.c.RepositoryConfigurationDelegate - Bootstrapping Spring Data JPA repositories in DEFAULT mode.
2025-10-29 00:56:30 [main] INFO  o.s.d.r.c.RepositoryConfigurationDelegate - Finished Spring Data repository scanning in 44 ms. Found 1 JPA repository interfaces.
2025-10-29 00:56:30 [main] INFO  o.s.b.w.e.tomcat.TomcatWebServer - Tomcat initialized with port(s): 8080 (http)
2025-10-29 00:56:30 [main] INFO  o.a.catalina.core.StandardService - Starting service [Tomcat]
2025-10-29 00:56:30 [main] INFO  o.a.catalina.core.StandardEngine - Starting Servlet engine: [Apache Tomcat/10.1.15]
2025-10-29 00:56:31 [main] INFO  o.a.c.c.C.[Tomcat].[localhost].[/] - Initializing Spring embedded WebApplicationContext
2025-10-29 00:56:31 [main] INFO  o.s.b.w.s.c.ServletWebServerApplicationContext - Root WebApplicationContext: initialization completed in 1825 ms
2025-10-29 00:56:31 [main] INFO  o.h.jpa.internal.util.LogHelper - HHH000204: Processing PersistenceUnitInfo [name: default]
2025-10-29 00:56:31 [main] INFO  org.hibernate.Version - HHH000412: Hibernate ORM core version 6.2.13.Final
2025-10-29 00:56:31 [main] INFO  org.hibernate.cfg.Environment - HHH000406: Using bytecode reflection optimizer
2025-10-29 00:56:31 [main] INFO  o.s.o.j.p.SpringPersistenceUnitInfo - No LoadTimeWeaver setup: ignoring JPA class transformer
2025-10-29 00:56:31 [main] INFO  com.zaxxer.hikari.HikariDataSource - HikariPool-1 - Starting...
2025-10-29 00:56:31 [main] INFO  com.zaxxer.hikari.pool.HikariPool - HikariPool-1 - Added connection org.postgresql.jdbc.PgConnection@7b377a53
2025-10-29 00:56:31 [main] INFO  com.zaxxer.hikari.HikariDataSource - HikariPool-1 - Start completed.
2025-10-29 00:56:31 [main] WARN  org.hibernate.orm.deprecation - HHH90000025: PostgreSQLDialect does not need to be specified explicitly using 'hibernate.dialect' (remove the property setting and it will be selected by default)
2025-10-29 00:56:32 [main] INFO  o.h.e.t.j.p.i.JtaPlatformInitiator - HHH000489: No JTA platform available (set 'hibernate.transaction.jta.platform' to enable JTA platform integration)
2025-10-29 00:56:32 [main] INFO  o.s.o.j.LocalContainerEntityManagerFactoryBean - Initialized JPA EntityManagerFactory for persistence unit 'default'
2025-10-29 00:56:33 [main] INFO  o.s.d.j.r.query.QueryEnhancerFactory - Hibernate is in classpath; If applicable, HQL parser will be used.
2025-10-29 00:56:33 [main] DEBUG c.e.s.s.JwtAuthenticationFilter - Filter 'jwtAuthenticationFilter' configured for use
2025-10-29 00:56:33 [main] WARN  o.s.b.a.o.j.JpaBaseConfiguration$JpaWebConfiguration - spring.jpa.open-in-view is enabled by default. Therefore, database queries may be performed during view rendering. Explicitly configure spring.jpa.open-in-view to disable this warning
2025-10-29 00:56:33 [main] DEBUG o.s.w.s.m.m.a.RequestMappingHandlerMapping - 11 mappings in 'requestMappingHandlerMapping'
2025-10-29 00:56:33 [main] DEBUG o.s.w.s.h.SimpleUrlHandlerMapping - Patterns [/webjars/**, /**] in 'resourceHandlerMapping'
2025-10-29 00:56:33 [main] INFO  o.s.s.web.DefaultSecurityFilterChain - Will secure any request with [org.springframework.security.web.session.DisableEncodeUrlFilter@3344c1d7, org.springframework.security.web.context.request.async.WebAsyncManagerIntegrationFilter@73b034ca, org.springframework.security.web.context.SecurityContextHolderFilter@1ddc5857, org.springframework.security.web.header.HeaderWriterFilter@35fd03d9, org.springframework.web.filter.CorsFilter@104e6540, org.springframework.security.web.authentication.logout.LogoutFilter@5578ed7e, com.example.ssoauth.security.JwtAuthenticationFilter@24d7c365, org.springframework.security.web.savedrequest.RequestCacheAwareFilter@42bbd21c, org.springframework.security.web.servletapi.SecurityContextHolderAwareRequestFilter@28901fe7, org.springframework.security.web.authentication.AnonymousAuthenticationFilter@3f9ee527, org.springframework.security.web.session.SessionManagementFilter@68ee7b3b, org.springframework.security.web.access.ExceptionTranslationFilter@eb77241, org.springframework.security.web.access.intercept.AuthorizationFilter@e09c7a2]
2025-10-29 00:56:33 [main] DEBUG o.s.w.s.m.m.a.RequestMappingHandlerAdapter - ControllerAdvice beans: 0 @ModelAttribute, 0 @InitBinder, 1 RequestBodyAdvice, 1 ResponseBodyAdvice
2025-10-29 00:56:33 [main] DEBUG o.s.w.s.m.m.a.ExceptionHandlerExceptionResolver - ControllerAdvice beans: 1 @ExceptionHandler, 1 ResponseBodyAdvice
2025-10-29 00:56:34 [main] INFO  o.s.b.w.e.tomcat.TomcatWebServer - Tomcat started on port(s): 8080 (http) with context path ''
2025-10-29 00:56:34 [main] INFO  c.example.ssoauth.SsoauthApplication - Started SsoauthApplication in 5.42 seconds (process running for 5.762)
2025-10-29 00:56:36 [http-nio-8080-exec-1] INFO  o.a.c.c.C.[Tomcat].[localhost].[/] - Initializing Spring DispatcherServlet 'dispatcherServlet'
2025-10-29 00:56:36 [http-nio-8080-exec-1] INFO  o.s.web.servlet.DispatcherServlet - Initializing Servlet 'dispatcherServlet'
2025-10-29 00:56:36 [http-nio-8080-exec-1] DEBUG o.s.web.servlet.DispatcherServlet - Detected StandardServletMultipartResolver
2025-10-29 00:56:36 [http-nio-8080-exec-1] DEBUG o.s.web.servlet.DispatcherServlet - Detected AcceptHeaderLocaleResolver
2025-10-29 00:56:36 [http-nio-8080-exec-1] DEBUG o.s.web.servlet.DispatcherServlet - Detected FixedThemeResolver
2025-10-29 00:56:36 [http-nio-8080-exec-1] DEBUG o.s.web.servlet.DispatcherServlet - Detected org.springframework.web.servlet.view.DefaultRequestToViewNameTranslator@602d5417
2025-10-29 00:56:36 [http-nio-8080-exec-1] DEBUG o.s.web.servlet.DispatcherServlet - Detected org.springframework.web.servlet.support.SessionFlashMapManager@1315f1d5
2025-10-29 00:56:36 [http-nio-8080-exec-1] DEBUG o.s.web.servlet.DispatcherServlet - enableLoggingRequestDetails='false': request parameters and headers will be masked to prevent unsafe logging of potentially sensitive data
2025-10-29 00:56:36 [http-nio-8080-exec-1] INFO  o.s.web.servlet.DispatcherServlet - Completed initialization in 16 ms
2025-10-29 00:56:36 [http-nio-8080-exec-1] DEBUG o.s.security.web.FilterChainProxy - Securing POST /api/auth/signin
2025-10-29 00:56:36 [http-nio-8080-exec-1] DEBUG o.s.s.w.a.AnonymousAuthenticationFilter - Set SecurityContextHolder to anonymous SecurityContext
2025-10-29 00:56:36 [http-nio-8080-exec-1] DEBUG o.s.w.s.m.m.a.RequestMappingHandlerMapping - Mapped to com.example.ssoauth.controller.AuthController#signIn(SignInRequest)
2025-10-29 00:56:36 [http-nio-8080-exec-1] DEBUG o.s.w.s.m.m.a.RequestMappingHandlerMapping - Mapped to com.example.ssoauth.controller.AuthController#signIn(SignInRequest)
2025-10-29 00:56:36 [http-nio-8080-exec-1] DEBUG o.s.security.web.FilterChainProxy - Secured POST /api/auth/signin
2025-10-29 00:56:36 [http-nio-8080-exec-1] DEBUG o.s.web.servlet.DispatcherServlet - POST "/api/auth/signin", parameters={}
2025-10-29 00:56:36 [http-nio-8080-exec-1] DEBUG o.s.w.s.m.m.a.RequestMappingHandlerMapping - Mapped to com.example.ssoauth.controller.AuthController#signIn(SignInRequest)
2025-10-29 00:56:37 [http-nio-8080-exec-1] DEBUG o.s.w.s.m.m.a.RequestResponseBodyMethodProcessor - Read "application/json;charset=UTF-8" to [SignInRequest(usernameOrEmail=testingssouser, password=user@123)]
2025-10-29 00:56:37 [http-nio-8080-exec-1] INFO  c.e.s.controller.AuthController - Sign in request received for user: testingssouser
2025-10-29 00:56:37 [http-nio-8080-exec-1] DEBUG org.hibernate.SQL - 
    select
        u1_0.id,
        u1_0.account_non_expired,
        u1_0.account_non_locked,
        u1_0.auth_provider,
        u1_0.created_at,
        u1_0.credentials_non_expired,
        u1_0.email,
        u1_0.enabled,
        u1_0.first_name,
        u1_0.last_login,
        u1_0.last_name,
        u1_0.password,
        u1_0.provider_id,
        u1_0.updated_at,
        u1_0.username 
    from
        users u1_0 
    where
        u1_0.username=? 
        or u1_0.email=?
2025-10-29 00:56:37 [http-nio-8080-exec-1] DEBUG o.s.s.a.d.DaoAuthenticationProvider - Authenticated user
2025-10-29 00:56:37 [http-nio-8080-exec-1] DEBUG org.hibernate.SQL - 
    select
        u1_0.id,
        u1_0.account_non_expired,
        u1_0.account_non_locked,
        u1_0.auth_provider,
        u1_0.created_at,
        u1_0.credentials_non_expired,
        u1_0.email,
        u1_0.enabled,
        u1_0.first_name,
        u1_0.last_login,
        u1_0.last_name,
        u1_0.password,
        u1_0.provider_id,
        u1_0.updated_at,
        u1_0.username 
    from
        users u1_0 
    where
        u1_0.username=? 
        or u1_0.email=?
2025-10-29 00:56:37 [http-nio-8080-exec-1] DEBUG org.hibernate.SQL - 
    update
        users 
    set
        last_login=? 
    where
        id=?
2025-10-29 00:56:37 [http-nio-8080-exec-1] DEBUG o.s.w.s.m.m.a.HttpEntityMethodProcessor - Using 'application/json', given [*/*] and supported [application/json, application/*+json]
2025-10-29 00:56:37 [http-nio-8080-exec-1] DEBUG o.s.w.s.m.m.a.HttpEntityMethodProcessor - Writing [JwtAuthResponse(accessToken=eyJhbGciOiJIUzI1NiJ9.eyJzdWIiOiJ0ZXN0aW5nc3NvdXNlciIsImlhdCI6MTc2MTY3OTU (truncated)...]
2025-10-29 00:56:37 [http-nio-8080-exec-1] DEBUG o.s.web.servlet.DispatcherServlet - Completed 200 OK
2025-10-29 00:56:38 [http-nio-8080-exec-2] DEBUG o.s.security.web.FilterChainProxy - Securing GET /dashboard
2025-10-29 00:56:38 [http-nio-8080-exec-2] DEBUG o.s.s.w.a.AnonymousAuthenticationFilter - Set SecurityContextHolder to anonymous SecurityContext
2025-10-29 00:56:38 [http-nio-8080-exec-2] DEBUG o.s.w.s.m.m.a.RequestMappingHandlerMapping - Mapped to com.example.ssoauth.controller.WebController#dashboard(Model)
2025-10-29 00:56:38 [http-nio-8080-exec-2] DEBUG o.s.w.s.m.m.a.RequestMappingHandlerMapping - Mapped to com.example.ssoauth.controller.WebController#dashboard(Model)
2025-10-29 00:56:38 [http-nio-8080-exec-2] DEBUG o.s.w.s.m.m.a.RequestMappingHandlerMapping - Mapped to com.example.ssoauth.controller.WebController#dashboard(Model)
2025-10-29 00:56:38 [http-nio-8080-exec-2] DEBUG o.s.w.s.m.m.a.RequestMappingHandlerMapping - Mapped to com.example.ssoauth.controller.WebController#dashboard(Model)
2025-10-29 00:56:38 [http-nio-8080-exec-2] DEBUG o.s.w.s.m.m.a.RequestMappingHandlerMapping - Mapped to com.example.ssoauth.controller.WebController#dashboard(Model)
2025-10-29 00:56:38 [http-nio-8080-exec-2] DEBUG o.s.w.s.m.m.a.RequestMappingHandlerMapping - Mapped to com.example.ssoauth.controller.WebController#dashboard(Model)
2025-10-29 00:56:38 [http-nio-8080-exec-2] DEBUG o.s.w.s.m.m.a.RequestMappingHandlerMapping - Mapped to com.example.ssoauth.controller.WebController#dashboard(Model)
2025-10-29 00:56:38 [http-nio-8080-exec-2] DEBUG o.s.w.s.m.m.a.RequestMappingHandlerMapping - Mapped to com.example.ssoauth.controller.WebController#dashboard(Model)
2025-10-29 00:56:38 [http-nio-8080-exec-2] ERROR c.e.s.s.JwtAuthenticationEntryPoint - Unauthorized error: Full authentication is required to access this resource
2025-10-29 00:56:50 [http-nio-8080-exec-4] DEBUG o.s.security.web.FilterChainProxy - Securing GET /login
2025-10-29 00:56:50 [http-nio-8080-exec-4] DEBUG o.s.s.w.a.AnonymousAuthenticationFilter - Set SecurityContextHolder to anonymous SecurityContext
2025-10-29 00:56:50 [http-nio-8080-exec-4] DEBUG o.s.w.s.m.m.a.RequestMappingHandlerMapping - Mapped to com.example.ssoauth.controller.WebController#loginPage()
2025-10-29 00:56:50 [http-nio-8080-exec-4] DEBUG o.s.w.s.m.m.a.RequestMappingHandlerMapping - Mapped to com.example.ssoauth.controller.WebController#loginPage()
2025-10-29 00:56:50 [http-nio-8080-exec-4] DEBUG o.s.w.s.m.m.a.RequestMappingHandlerMapping - Mapped to com.example.ssoauth.controller.WebController#loginPage()
2025-10-29 00:56:50 [http-nio-8080-exec-4] DEBUG o.s.security.web.FilterChainProxy - Secured GET /login
2025-10-29 00:56:50 [http-nio-8080-exec-4] DEBUG o.s.web.servlet.DispatcherServlet - GET "/login", parameters={}
2025-10-29 00:56:50 [http-nio-8080-exec-4] DEBUG o.s.w.s.m.m.a.RequestMappingHandlerMapping - Mapped to com.example.ssoauth.controller.WebController#loginPage()
2025-10-29 00:56:50 [http-nio-8080-exec-4] DEBUG o.s.w.s.v.ContentNegotiatingViewResolver - Selected 'text/html' given [text/html, application/xhtml+xml, image/avif, image/webp, image/apng, application/xml;q=0.9, */*;q=0.8, application/signed-exchange;v=b3;q=0.7]
2025-10-29 00:56:51 [http-nio-8080-exec-4] DEBUG o.s.web.servlet.DispatcherServlet - Completed 200 OK
2025-10-29 01:41:34 [HikariPool-1 housekeeper] WARN  com.zaxxer.hikari.pool.HikariPool - HikariPool-1 - Thread starvation or clock leap detected (housekeeper delta=27m1s405ms382µs300ns).
2025-10-29 01:55:04 [SpringApplicationShutdownHook] INFO  o.s.o.j.LocalContainerEntityManagerFactoryBean - Closing JPA EntityManagerFactory for persistence unit 'default'
2025-10-29 01:55:04 [SpringApplicationShutdownHook] INFO  com.zaxxer.hikari.HikariDataSource - HikariPool-1 - Shutdown initiated...
2025-10-29 01:55:04 [SpringApplicationShutdownHook] INFO  com.zaxxer.hikari.HikariDataSource - HikariPool-1 - Shutdown completed.
